#NEXUS
begin taxa;
	dimensions ntax=139;
	taxlabels
	000002877
	000002374
	000002361
	000002368
	000000069
	000000119
	000001168
	000002323
	000002318
	000002317
	000000061
	000000300
	000000011
	000000002
	000001571
	000001732
	000001788
	000001779
	000000058
	000001240
	000001234
	000001238
	000001235
	000001516
	000000072
	000000476
	000000427
	000000050
	000000473
	000000426
	000001650
	000001647
	000001931
	000001932
	000000641
	000001370
	000001379
	000001368
	000001372
	000000797
	000000007
	000002243
	000002244
	000000793
	000001573
	000000719
	000000077
	000002219
	000002221
	000000718
	000000717
	000000067
	000000070
	000001515
	000001862
	000000354
	000001859
	000000055
	000000345
	000002438
	000002774
	000002437
	000002778
	000002476
	000001428
	000002526
	000002517
	000002520
	000002477
	000002481
	000002032
	000002029
	000002028
	000002031
	000000041
	000000541
	000001978
	000002900
	000002612
	000002608
	000002180
	000002606
	000002609
	000002614
	000000019
	000002809
	000002903
	000002812
	000001303
	000001977
	000001975
	000001972
	000002185
	000001974
	000000555
	000002610
	000000080
	000002901
	000001733
	000002814
	000000543
	000002810
	000002605
	000002559
	000002553
	000002554
	000000550
	000000553
	000000542
	000000544
	000002143
	000002145
	000002107
	000002109
	000001301
	000002106
	000001304
	000000022
	000000040
	000000637
	000000033
	000001577
	000001574
	000000301
	000001166
	000002724
	000002726
	000002729
	000002879
	000002880
	000001165
	000002723
	000002722
	000001174
	000002363
	000002695
	000002696
	000002731
	000002882
;
end;

begin trees;
	tree tree_1 = [&R] (000002877:1.01755219288282E-6,((((000002374:0.004791714998256797,000002361:0.004798205959890585)[&ML=74]:1.01755219288282E-6,000002368:0.004788188715165645)[&ML=2]:1.01755219288282E-6,(((((000000069:0.0048020869216755455,000000119:0.0048026300710957304)[&ML=3]:1.01755219288282E-6,(000001168:0.004802636971163903,(((000002323:0.004825804018746901,(000002318:0.0048360846577162695,000002317:1.01755219288282E-6)[&ML=54]:1.01755219288282E-6)[&ML=93]:0.024667722353531447,((000000061:0.09517431690382848,(000000300:1.01755219288282E-6,((000000011:0.024013479909208754,000000002:0.06560260989260885)[&ML=65]:0.034914438114207434,(000001571:0.029891677015221434,((((((((000001732:0.004913305206487583,000001788:1.01755219288282E-6)[&ML=97]:0.020144238002935595,000001779:1.01755219288282E-6)[&ML=64]:0.022870834615723618,000000058:0.055253711364954494)[&ML=87]:0.08083788883157708,((000001240:1.01755219288282E-6,(000001234:0.00910289618866513,(000001238:0.0341636693361901,(000001235:1.01755219288282E-6,000001516:0.029777925975851983)[&ML=84]:0.0305065343444743)[&ML=73]:0.011217737797729012)[&ML=75]:0.015334959618994396)[&ML=100]:0.21475300282847662,(000000072:1.01755219288282E-6,((000000476:0.011283948015697548,((000000427:1.01755219288282E-6,000000050:0.2862402561470062)[&ML=57]:0.03397016508579498,000000473:1.01755219288282E-6)[&ML=33]:0.022790156640365024)[&ML=31]:0.03529582637446422,000000426:0.03581799056792146)[&ML=38]:0.06854492927783555)[&ML=99]:0.16169539819890613)[&ML=62]:0.07529799566473887)[&ML=100]:0.338555699568446,((000001650:0.043379708967325986,000001647:1.01755219288282E-6)[&ML=80]:0.024890210179143685,(000001931:1.01755219288282E-6,000001932:0.009833088509471897)[&ML=65]:1.01755219288282E-6)[&ML=95]:0.03595130564294538)[&ML=18]:0.10223953965639089,000000641:0.052077959411749704)[&ML=19]:0.04034864686897683,(((000001370:1.01755219288282E-6,(000001379:0.004834535774708785,(000001368:1.01755219288282E-6,000001372:0.004847055502777501)[&ML=54]:1.01755219288282E-6)[&ML=83]:0.009702778682736241)[&ML=100]:0.15357707759489414,(((((000000797:0.023858181388232896,000000007:0.015806290475325308)[&ML=94]:0.11554925428713254,((000002243:0.024823755612621064,000002244:1.01755219288282E-6)[&ML=44]:1.01755219288282E-6,000000793:0.004764201102474785)[&ML=100]:0.13632824530366364)[&ML=100]:0.6384908846029866,((000001573:0.020368826416019812,(000000719:1.01755219288282E-6,(000000077:0.08834404092329926,(((000002219:0.0049373049613409695,000002221:1.01755219288282E-6)[&ML=72]:0.004951855074714013,000000718:1.01755219288282E-6)[&ML=61]:0.003267105615181804,000000717:0.011767414747834787)[&ML=75]:0.010708797539967545)[&ML=50]:0.017171247858100255)[&ML=41]:0.005011844761643906)[&ML=66]:0.016737388387687298,(000000067:0.15444293116054067,000000070:0.05081392778520777)[&ML=29]:0.029655647170439333)[&ML=96]:0.11473208401661608)[&ML=44]:0.10371160948066681,(000001515:0.045530771895344706,((000001862:0.1389487085960289,000000354:0.011554172718833624)[&ML=74]:0.026873681394788164,((000001859:0.1346151194277344,000000055:0.028080104107469)[&ML=66]:0.013363226701843851,000000345:0.011859030186030097)[&ML=69]:0.03062340655938308)[&ML=28]:0.012962432166609663)[&ML=77]:0.12117114737768182)[&ML=25]:0.050736618162302564,((((((000002438:1.01755219288282E-6,((000002774:1.01755219288282E-6,(000002437:0.009943304511251206,000002778:0.004915093098407317)[&ML=16]:1.01755219288282E-6)[&ML=34]:1.01755219288282E-6,(000002476:1.01755219288282E-6,(000001428:1.01755219288282E-6,(000002526:0.004912281690491218,(000002517:1.01755219288282E-6,000002520:0.0049059210475685495)[&ML=56]:1.01755219288282E-6)[&ML=85]:0.009873814409282504)[&ML=83]:0.009984080689622627)[&ML=72]:0.00995208255805926)[&ML=54]:0.014882142671845646)[&ML=57]:0.014812381411660157,(000002477:0.01980039431932795,000002481:1.01755219288282E-6)[&ML=55]:0.020940315706873023)[&ML=52]:0.020640095973189807,(000002032:0.011381904442878437,((000002029:1.01755219288282E-6,000002028:0.015044229856625235)[&ML=98]:0.00836845364194263,000002031:0.04548111729263346)[&ML=55]:0.012509242290192336)[&ML=100]:0.08222955129999868)[&ML=99]:0.1271349981163082,000000041:0.049565750059385384)[&ML=50]:0.028983529054371175,((000000541:1.01755219288282E-6,((000001978:0.009923840136196073,(((((((000002900:0.004844514032343627,((000002612:0.00484234241685063,000002608:0.0048474932388649404)[&ML=60]:1.01755219288282E-6,000002180:0.004853310942912139)[&ML=0]:1.01755219288282E-6)[&ML=0]:1.01755219288282E-6,(((000002606:0.004835736875006049,000002609:1.01755219288282E-6)[&ML=81]:0.00416032192289935,000002614:0.0019507831346922391)[&ML=74]:0.0035548484441706263,000000019:0.004853470659909486)[&ML=1]:1.01755219288282E-6)[&ML=0]:1.01755219288282E-6,000002809:0.0048446873850526906)[&ML=0]:1.01755219288282E-6,(000002903:0.004843118190652935,((000002812:0.004841713248001054,((000001303:1.01755219288282E-6,(000001977:0.004825770894444783,(((000001975:0.014942571959164548,000001972:1.01755219288282E-6)[&ML=48]:0.004905320231838355,000002185:0.005077672417158496)[&ML=27]:0.0048707168645787625,000001974:1.01755219288282E-6)[&ML=32]:0.004904327508005605)[&ML=21]:0.004927162721205924)[&ML=14]:0.004835368958815224,000000555:0.0048540167490467015)[&ML=0]:1.01755219288282E-6)[&ML=0]:1.01755219288282E-6,((000002610:0.004843146564272574,((000000080:0.004854002466212204,(((000002901:1.01755219288282E-6,000001733:0.00485400659046693)[&ML=2]:1.01755219288282E-6,000002814:0.004842345144937589)[&ML=0]:1.01755219288282E-6,000000543:0.004846397432340795)[&ML=0]:1.01755219288282E-6)[&ML=0]:1.01755219288282E-6,000002810:0.004844115946158575)[&ML=0]:1.01755219288282E-6)[&ML=0]:1.01755219288282E-6,000002605:0.004859002765986259)[&ML=0]:1.01755219288282E-6)[&ML=0]:1.01755219288282E-6)[&ML=0]:1.01755219288282E-6)[&ML=0]:1.01755219288282E-6,(000002559:0.014868504043567411,(000002553:1.01755219288282E-6,000002554:0.004856026949571376)[&ML=30]:1.01755219288282E-6)[&ML=56]:0.004844923774184544)[&ML=6]:0.004835926124302462,000000550:1.01755219288282E-6)[&ML=18]:0.004821012674938006,000000553:1.01755219288282E-6)[&ML=10]:0.004823181390341786)[&ML=2]:1.01755219288282E-6,(000000542:1.01755219288282E-6,((000000544:1.01755219288282E-6,(000002143:1.01755219288282E-6,000002145:0.0048382302348082586)[&ML=48]:0.00488367874711477)[&ML=60]:0.00975084970279839,(((000002107:0.004847117009946891,000002109:0.004822209646534033)[&ML=14]:1.01755219288282E-6,000001301:0.004805465531904405)[&ML=2]:1.01755219288282E-6,000002106:1.01755219288282E-6)[&ML=77]:0.014714961785811251)[&ML=34]:1.01755219288282E-6)[&ML=7]:1.01755219288282E-6)[&ML=5]:0.004837651700036316)[&ML=74]:0.11488775592916477,000001304:0.12886257308550889)[&ML=16]:0.012923807773320169)[&ML=30]:0.05205188328682924,000000022:0.17721377222765508)[&ML=45]:0.03743600282238825)[&ML=36]:0.06073548089765191)[&ML=36]:0.10470038740813581,000000040:0.0896187979774422)[&ML=14]:0.02696372346121031)[&ML=22]:0.02461584010779622,((000000637:0.008741631965455868,000000033:0.052865566934250444)[&ML=28]:0.010986406285983578,(000001577:0.004827624085364717,000001574:0.004799147744885774)[&ML=35]:1.01755219288282E-6)[&ML=16]:1.01755219288282E-6)[&ML=20]:0.021342597846324547)[&ML=39]:0.0397550440347521)[&ML=99]:0.11456730344449223)[&ML=63]:0.013269997881959676)[&ML=61]:0.008333514405769436,000000301:0.030438934847558902)[&ML=68]:0.03303067135711756)[&ML=13]:1.01755219288282E-6,000001166:1.01755219288282E-6)[&ML=15]:0.004802034889484901)[&ML=2]:1.01755219288282E-6)[&ML=0]:1.01755219288282E-6,000002724:0.004790037133509904)[&ML=0]:1.01755219288282E-6,((000002726:0.004798077133127942,000002729:0.004789533118618855)[&ML=79]:1.01755219288282E-6,000002879:0.00479967667732141)[&ML=2]:1.01755219288282E-6)[&ML=0]:1.01755219288282E-6,(000002880:0.0047876228040514696,000001165:0.004799663727386099)[&ML=4]:1.01755219288282E-6)[&ML=0]:1.01755219288282E-6)[&ML=0]:1.01755219288282E-6,(((000002723:0.004796727902449678,000002722:0.004788444383138888)[&ML=76]:1.01755219288282E-6,000001174:0.004799113935070317)[&ML=0]:1.01755219288282E-6,((000002363:0.004797989470111758,(000002695:0.004815940318658186,000002696:0.004799966470812357)[&ML=95]:0.014780262046271043)[&ML=52]:1.01755219288282E-6,000002731:0.0047890313020581615)[&ML=5]:1.01755219288282E-6)[&ML=0]:1.01755219288282E-6)[&ML=13]:1.01755219288282E-6,000002882:1.01755219288282E-6);
end;

begin figtree;
	set appearance.backgroundColorAttribute="Default";
	set appearance.backgroundColour=#-1;
	set appearance.branchColorAttribute="User selection";
	set appearance.branchLineWidth=1.0;
	set appearance.branchMinLineWidth=0.0;
	set appearance.branchWidthAttribute="Fixed";
	set appearance.foregroundColour=#-16777216;
	set appearance.selectionColour=#-2144520576;
	set branchLabels.colorAttribute="User selection";
	set branchLabels.displayAttribute="Branch times";
	set branchLabels.fontName="sansserif";
	set branchLabels.fontSize=8;
	set branchLabels.fontStyle=0;
	set branchLabels.isShown=false;
	set branchLabels.significantDigits=4;
	set layout.expansion=0;
	set layout.layoutType="RECTILINEAR";
	set layout.zoom=10;
	set legend.attribute=null;
	set legend.fontSize=10.0;
	set legend.isShown=false;
	set legend.significantDigits=4;
	set nodeBars.barWidth=4.0;
	set nodeBars.displayAttribute=null;
	set nodeBars.isShown=false;
	set nodeLabels.colorAttribute="User selection";
	set nodeLabels.displayAttribute="ML";
	set nodeLabels.fontName="sansserif";
	set nodeLabels.fontSize=8;
	set nodeLabels.fontStyle=0;
	set nodeLabels.isShown=true;
	set nodeLabels.significantDigits=4;
	set nodeShape.colourAttribute=null;
	set nodeShape.isShown=false;
	set nodeShape.minSize=10.0;
	set nodeShape.scaleType=Width;
	set nodeShape.shapeType=Circle;
	set nodeShape.size=4.0;
	set nodeShape.sizeAttribute=null;
	set polarLayout.alignTipLabels=false;
	set polarLayout.angularRange=0;
	set polarLayout.rootAngle=0;
	set polarLayout.rootLength=100;
	set polarLayout.showRoot=true;
	set radialLayout.spread=0.0;
	set rectilinearLayout.alignTipLabels=false;
	set rectilinearLayout.curvature=0;
	set rectilinearLayout.rootLength=100;
	set scale.offsetAge=0.0;
	set scale.rootAge=1.0;
	set scale.scaleFactor=1.0;
	set scale.scaleRoot=false;
	set scaleAxis.automaticScale=true;
	set scaleAxis.fontSize=8.0;
	set scaleAxis.isShown=false;
	set scaleAxis.lineWidth=1.0;
	set scaleAxis.majorTicks=1.0;
	set scaleAxis.origin=0.0;
	set scaleAxis.reverseAxis=false;
	set scaleAxis.showGrid=true;
	set scaleBar.automaticScale=true;
	set scaleBar.fontSize=10.0;
	set scaleBar.isShown=true;
	set scaleBar.lineWidth=1.0;
	set scaleBar.scaleRange=0.0;
	set tipLabels.colorAttribute="User selection";
	set tipLabels.displayAttribute="Names";
	set tipLabels.fontName="sansserif";
	set tipLabels.fontSize=8;
	set tipLabels.fontStyle=0;
	set tipLabels.isShown=true;
	set tipLabels.significantDigits=4;
	set trees.order=false;
	set trees.orderType="increasing";
	set trees.rooting=true;
	set trees.rootingType="User Selection";
	set trees.transform=false;
	set trees.transformType="cladogram";
end;

